Build started 2015-08-05 4:08:58 PM.
     1>Project "C:\Users\-\Documents\Programming\Science Talent Search - MyChem\CGM\CGM.vcxproj" on node 2 (Build target(s)).
     1>ClCompile:
         C:\Program Files (x86)\Microsoft Visual Studio 12.0\VC\bin\CL.exe /c /Zi /nologo /W3 /WX- /O2 /Oi /Oy- /GL /D WIN32 /D NDEBUG /D _WINDOWS /D _USRDLL /D CGM_EXPORTS /D _WINDLL /D _UNICODE /D UNICODE /Gm- /EHsc /MD /GS /Gy /fp:precise /Zc:wchar_t /Zc:forScope /Yc"stdafx.h" /Fp"Release\CGM.pch" /Fo"Release\\" /Fd"Release\vc120.pdb" /Gd /TP /analyze- /errorReport:prompt stdafx.cpp
         stdafx.cpp
         C:\Program Files (x86)\Microsoft Visual Studio 12.0\VC\bin\CL.exe /c /Zi /nologo /W3 /WX- /O2 /Oi /Oy- /GL /D WIN32 /D NDEBUG /D _WINDOWS /D _USRDLL /D CGM_EXPORTS /D _WINDLL /D _UNICODE /D UNICODE /Gm- /EHsc /MD /GS /Gy /fp:precise /Zc:wchar_t /Zc:forScope /Yu"stdafx.h" /Fp"Release\CGM.pch" /Fo"Release\\" /Fd"Release\vc120.pdb" /Gd /TP /analyze- /errorReport:prompt CGM.cpp
         CGM.cpp
     1>CGM.cpp(30): warning C4018: '<' : signed/unsigned mismatch
     1>CGM.cpp(32): warning C4018: '<' : signed/unsigned mismatch
         C:\Program Files (x86)\Microsoft Visual Studio 12.0\VC\bin\CL.exe /c /Zi /nologo /W3 /WX- /O2 /Oi /Oy- /GL /D WIN32 /D NDEBUG /D _WINDOWS /D _USRDLL /D CGM_EXPORTS /D _WINDLL /D _UNICODE /D UNICODE /Gm- /EHsc /MD /GS /Gy /fp:precise /Zc:wchar_t /Zc:forScope /Fo"Release\\" /Fd"Release\vc120.pdb" /Gd /TP /analyze- /errorReport:prompt dllmain.cpp
         dllmain.cpp
       Link:
         C:\Program Files (x86)\Microsoft Visual Studio 12.0\VC\bin\link.exe /ERRORREPORT:PROMPT /OUT:"C:\Users\-\Documents\Programming\Science Talent Search - MyChem\Release\CGM.dll" /INCREMENTAL:NO /NOLOGO kernel32.lib user32.lib gdi32.lib winspool.lib comdlg32.lib advapi32.lib shell32.lib ole32.lib oleaut32.lib uuid.lib odbc32.lib odbccp32.lib /MANIFEST /MANIFESTUAC:"level='asInvoker' uiAccess='false'" /manifest:embed /DEBUG /PDB:"C:\Users\-\Documents\Programming\Science Talent Search - MyChem\Release\CGM.pdb" /SUBSYSTEM:WINDOWS /OPT:REF /OPT:ICF /LTCG /TLBID:1 /DYNAMICBASE /NXCOMPAT /IMPLIB:"C:\Users\-\Documents\Programming\Science Talent Search - MyChem\Release\CGM.lib" /MACHINE:X86 /SAFESEH /DLL Release\CGM.obj
         Release\dllmain.obj
         Release\stdafx.obj
            Creating library C:\Users\-\Documents\Programming\Science Talent Search - MyChem\Release\CGM.lib and object C:\Users\-\Documents\Programming\Science Talent Search - MyChem\Release\CGM.exp
         Generating code
         Finished generating code
         CGM.vcxproj -> C:\Users\-\Documents\Programming\Science Talent Search - MyChem\Release\CGM.dll
     1>Done Building Project "C:\Users\-\Documents\Programming\Science Talent Search - MyChem\CGM\CGM.vcxproj" (Build target(s)).

Build succeeded.

Time Elapsed 00:00:02.51
